[debug] ----------------------------------------------------------------------
[debug] Command:      /usr/local/Cellar/node/6.2.0/bin/node /usr/local/bin/firebase deploy
[debug] CLI Version:  3.0.7
[debug] Platform:     darwin
[debug] Node Version: v6.2.0
[debug] Time:         Sun Aug 14 2016 05:17:10 GMT-0400 (EDT)
[debug] ----------------------------------------------------------------------
[debug] 
[debug] > command requires scopes: ["email","openid","https://www.googleapis.com/auth/cloudplatformprojects.readonly","https://www.googleapis.com/auth/firebase"]
[debug] >>> HTTP REQUEST GET https://admin.firebase.com/v1/projects/first-react-app-a7079 
[debug] <<< HTTP RESPONSE 200
[debug] >>> HTTP REQUEST GET https://admin.firebase.com/v1/database/first-react-app-a7079/tokens 
[debug] <<< HTTP RESPONSE 200
[info] 
[info] === Deploying to 'first-react-app-a7079'...
[info] 
[info] i  deploying database, hosting
[info] ✔  database: rules ready to deploy.
[info] i  hosting: preparing / directory for upload...
[debug] >>> HTTP REQUEST PUT https://deploy.firebase.com/v1/hosting/first-react-app-a7079/uploads/-KP7KnQcG-jRb7n43QNa?fileCount=15633&message= 
